#-----------------------------------------------------------
# Vivado v2022.2 (64-bit)
# SW Build 3671981 on Fri Oct 14 05:00:03 MDT 2022
# IP Build 3669848 on Fri Oct 14 08:30:02 MDT 2022
# Start of session at: Sat Mar 14 11:51:57 2026
# Process ID: 18176
# Current directory: C:/Users/David_Y9000P/Desktop/CSCourses/AI-Chip/labs/lab1_new/project_1
# Command line: vivado.exe -gui_launcher_event rodinguilauncherevent28888 C:\Users\David_Y9000P\Desktop\CSCourses\AI-Chip\labs\lab1_new\project_1\project_1.xpr
# Log file: C:/Users/David_Y9000P/Desktop/CSCourses/AI-Chip/labs/lab1_new/project_1/vivado.log
# Journal file: C:/Users/David_Y9000P/Desktop/CSCourses/AI-Chip/labs/lab1_new/project_1\vivado.jou
# Running On: David-Y9000P, OS: Windows, CPU Frequency: 2419 MHz, CPU Physical cores: 24, Host memory: 34141 MB
#-----------------------------------------------------------
start_gui
open_project C:/Users/David_Y9000P/Desktop/CSCourses/AI-Chip/labs/lab1_new/project_1/project_1.xpr
WARNING: [Board 49-26] cannot add Board Part xilinx.com:sp701:part0:1.0 available at C:/Xilinx/Vivado/2022.2/data/xhub/boards/XilinxBoardStore/boards/Xilinx/sp701/1.0/board.xml as part xc7s100fgga676-2 specified in board_part file is either invalid or not available
WARNING: [Board 49-26] cannot add Board Part xilinx.com:sp701:part0:1.1 available at C:/Xilinx/Vivado/2022.2/data/xhub/boards/XilinxBoardStore/boards/Xilinx/sp701/1.1/board.xml as part xc7s100fgga676-2 specified in board_part file is either invalid or not available
WARNING: [Board 49-26] cannot add Board Part xilinx.com:vc707:part0:1.4 available at C:/Xilinx/Vivado/2022.2/data/xhub/boards/XilinxBoardStore/boards/Xilinx/vc707/1.4/board.xml as part xc7vx485tffg1761-2 specified in board_part file is either invalid or not available
WARNING: [Board 49-26] cannot add Board Part xilinx.com:vc709:part0:1.8 available at C:/Xilinx/Vivado/2022.2/data/xhub/boards/XilinxBoardStore/boards/Xilinx/vc709/1.8/board.xml as part xc7vx690tffg1761-2 specified in board_part file is either invalid or not available
WARNING: [Board 49-26] cannot add Board Part xilinx.com:vck190:part0:2.2 available at C:/Xilinx/Vivado/2022.2/data/xhub/boards/XilinxBoardStore/boards/Xilinx/vck190/production/2.2/board.xml as part xcvc1902-vsva2197-2mp-e-s specified in board_part file is either invalid or not available
WARNING: [Board 49-26] cannot add Board Part xilinx.com:vck190:part0:3.0 available at C:/Xilinx/Vivado/2022.2/data/xhub/boards/XilinxBoardStore/boards/Xilinx/vck190/production/3.0/board.xml as part xcvc1902-vsva2197-2mp-e-s specified in board_part file is either invalid or not available
WARNING: [Board 49-26] cannot add Board Part xilinx.com:vck190:part0:3.1 available at C:/Xilinx/Vivado/2022.2/data/xhub/boards/XilinxBoardStore/boards/Xilinx/vck190/production/3.1/board.xml as part xcvc1902-vsva2197-2mp-e-s specified in board_part file is either invalid or not available
WARNING: [Board 49-26] cannot add Board Part xilinx.com:vck190_newl:part0:1.0 available at C:/Xilinx/Vivado/2022.2/data/xhub/boards/XilinxBoardStore/boards/Xilinx/vck190_newl/production/1.0/board.xml as part xcvc1902-vsva2197-2mp-e-s specified in board_part file is either invalid or not available
WARNING: [Board 49-26] cannot add Board Part xilinx.com:vcu108:part0:1.6 available at C:/Xilinx/Vivado/2022.2/data/xhub/boards/XilinxBoardStore/boards/Xilinx/vcu108/1.6/board.xml as part xcvu095-ffva2104-2-e specified in board_part file is either invalid or not available
WARNING: [Board 49-26] cannot add Board Part xilinx.com:vcu108:part0:1.7 available at C:/Xilinx/Vivado/2022.2/data/xhub/boards/XilinxBoardStore/boards/Xilinx/vcu108/1.7/board.xml as part xcvu095-ffva2104-2-e specified in board_part file is either invalid or not available
WARNING: [Board 49-26] cannot add Board Part xilinx.com:vcu110:part0:1.4 available at C:/Xilinx/Vivado/2022.2/data/xhub/boards/XilinxBoardStore/boards/Xilinx/vcu110/1.4/board.xml as part xcvu190-flgc2104-2-e specified in board_part file is either invalid or not available
WARNING: [Board 49-26] cannot add Board Part xilinx.com:vek280_es:part0:1.0 available at C:/Xilinx/Vivado/2022.2/data/xhub/boards/XilinxBoardStore/boards/Xilinx/vek280/es/1.0/board.xml as part xcve2802-vsvh1760-2lp-e-s-es1 specified in board_part file is either invalid or not available
WARNING: [Board 49-26] cannot add Board Part xilinx.com:vhk158_es:part0:1.0 available at C:/Xilinx/Vivado/2022.2/data/xhub/boards/XilinxBoardStore/boards/Xilinx/vhk158/es/1.0/board.xml as part xcvh1582-vsva3697-2mp-e-s-es1 specified in board_part file is either invalid or not available
WARNING: [Board 49-26] cannot add Board Part xilinx.com:vmk180:part0:2.2 available at C:/Xilinx/Vivado/2022.2/data/xhub/boards/XilinxBoardStore/boards/Xilinx/vmk180/production/2.2/board.xml as part xcvm1802-vsva2197-2mp-e-s specified in board_part file is either invalid or not available
WARNING: [Board 49-26] cannot add Board Part xilinx.com:vmk180:part0:3.0 available at C:/Xilinx/Vivado/2022.2/data/xhub/boards/XilinxBoardStore/boards/Xilinx/vmk180/production/3.0/board.xml as part xcvm1802-vsva2197-2mp-e-s specified in board_part file is either invalid or not available
WARNING: [Board 49-26] cannot add Board Part xilinx.com:vmk180:part0:3.1 available at C:/Xilinx/Vivado/2022.2/data/xhub/boards/XilinxBoardStore/boards/Xilinx/vmk180/production/3.1/board.xml as part xcvm1802-vsva2197-2mp-e-s specified in board_part file is either invalid or not available
WARNING: [Board 49-26] cannot add Board Part xilinx.com:vmk180_newl:part0:1.0 available at C:/Xilinx/Vivado/2022.2/data/xhub/boards/XilinxBoardStore/boards/Xilinx/vmk180_newl/production/1.0/board.xml as part xcvm1802-vsva2197-2mp-e-s specified in board_part file is either invalid or not available
WARNING: [Board 49-26] cannot add Board Part xilinx.com:vpk120:part0:1.0 available at C:/Xilinx/Vivado/2022.2/data/xhub/boards/XilinxBoardStore/boards/Xilinx/vpk120/production/1.0/board.xml as part xcvp1202-vsva2785-2mp-e-s specified in board_part file is either invalid or not available
WARNING: [Board 49-26] cannot add Board Part xilinx.com:vpk120_es:part0:1.2 available at C:/Xilinx/Vivado/2022.2/data/xhub/boards/XilinxBoardStore/boards/Xilinx/vpk120/es/1.2/board.xml as part xcvp1202-vsva2785-2mp-e-s-es1 specified in board_part file is either invalid or not available
WARNING: [Board 49-26] cannot add Board Part xilinx.com:vpk120_es_revb:part0:1.0 available at C:/Xilinx/Vivado/2022.2/data/xhub/boards/XilinxBoardStore/boards/Xilinx/vpk120_revb/es/1.0/board.xml as part xcvp1202-vsva2785-2mp-e-s-es1 specified in board_part file is either invalid or not available
WARNING: [Board 49-26] cannot add Board Part xilinx.com:vpk180_es:part0:1.0 available at C:/Xilinx/Vivado/2022.2/data/xhub/boards/XilinxBoardStore/boards/Xilinx/vpk180/es/1.0/board.xml as part xcvp1802-lsvc4072-2mp-e-s-es1 specified in board_part file is either invalid or not available
WARNING: [Board 49-26] cannot add Board Part xilinx.com:zcu208ld:part0:2.0 available at C:/Xilinx/Vivado/2022.2/data/xhub/boards/XilinxBoardStore/boards/Xilinx/zcu208ld/production/2.0/board.xml as part xczu58dr-fsvg1517-2-i specified in board_part file is either invalid or not available
WARNING: [Board 49-26] cannot add Board Part xilinx.com:zcu216ld:part0:2.0 available at C:/Xilinx/Vivado/2022.2/data/xhub/boards/XilinxBoardStore/boards/Xilinx/zcu216ld/production/2.0/board.xml as part xczu59dr-ffvf1760-2-i specified in board_part file is either invalid or not available
WARNING: [Board 49-26] cannot add Board Part xilinx.com:zcu670:part0:2.0 available at C:/Xilinx/Vivado/2022.2/data/xhub/boards/XilinxBoardStore/boards/Xilinx/zcu670/2.0/board.xml as part xczu67dr-fsve1156-2-i specified in board_part file is either invalid or not available
WARNING: [Board 49-26] cannot add Board Part xilinx.com:zcu670ld:part0:1.0 available at C:/Xilinx/Vivado/2022.2/data/xhub/boards/XilinxBoardStore/boards/Xilinx/zcu670ld/1.0/board.xml as part xczu57dr-fsve1156-2-i specified in board_part file is either invalid or not available
INFO: [filemgmt 56-3] Default IP Output Path : Could not find the directory 'C:/Users/David_Y9000P/Desktop/CSCourses/AI-Chip/labs/lab1_new/project_1/project_1.gen/sources_1'.
Scanning sources...
Finished scanning sources
INFO: [IP_Flow 19-234] Refreshing IP repositories
INFO: [IP_Flow 19-1704] No user IP repositories specified
INFO: [IP_Flow 19-2313] Loaded Vivado IP repository 'C:/Xilinx/Vivado/2022.2/data/ip'.
open_project: Time (s): cpu = 00:00:16 ; elapsed = 00:00:10 . Memory (MB): peak = 1205.488 ; gain = 353.754
update_compile_order -fileset sources_1
launch_simulation
Command: launch_simulation 
INFO: [Vivado 12-12493] Simulation top is 'core_sim'
WARNING: [Vivado 12-13340] Unable to auto find GCC executables from simulator install path! (path not set)
WARNING: [Vivado 12-13277] Compiled library path does not exist: ''
INFO: [Vivado 12-5682] Launching behavioral simulation in 'C:/Users/David_Y9000P/Desktop/CSCourses/AI-Chip/labs/lab1_new/project_1/project_1.sim/sim_1/behav/xsim'
INFO: [SIM-utils-51] Simulation object is 'sim_1'
INFO: [SIM-utils-72] Using boost library from 'C:/Xilinx/Vivado/2022.2/tps/boost_1_72_0'
INFO: [USF-XSim-7] Finding pre-compiled libraries...
INFO: [USF-XSim-11] File 'C:/Xilinx/Vivado/2022.2/data/xsim/xsim.ini' copied to run dir:'C:/Users/David_Y9000P/Desktop/CSCourses/AI-Chip/labs/lab1_new/project_1/project_1.sim/sim_1/behav/xsim'
INFO: [SIM-utils-54] Inspecting design source files for 'core_sim' in fileset 'sim_1'...
INFO: [USF-XSim-97] Finding global include files...
INFO: [USF-XSim-98] Fetching design files from 'sim_1'...
INFO: [USF-XSim-2] XSim::Compile design
INFO: [USF-XSim-61] Executing 'COMPILE and ANALYZE' step in 'C:/Users/David_Y9000P/Desktop/CSCourses/AI-Chip/labs/lab1_new/project_1/project_1.sim/sim_1/behav/xsim'
"xvlog --incr --relax -prj core_sim_vlog.prj"
INFO: [VRFC 10-2263] Analyzing Verilog file "C:/Users/David_Y9000P/Desktop/CSCourses/AI-Chip/labs/lab1/code/core/ALU.v" into library xil_defaultlib
INFO: [VRFC 10-311] analyzing module ALU
INFO: [VRFC 10-2263] Analyzing Verilog file "C:/Users/David_Y9000P/Desktop/CSCourses/AI-Chip/labs/lab1/code/core/CtrlUnit.v" into library xil_defaultlib
INFO: [VRFC 10-311] analyzing module CtrlUnit
ERROR: [VRFC 10-2989] 'SAMV_op' is not declared [C:/Users/David_Y9000P/Desktop/CSCourses/AI-Chip/labs/lab1/code/core/CtrlUnit.v:94]
ERROR: [VRFC 10-8530] module 'CtrlUnit' is ignored due to previous errors [C:/Users/David_Y9000P/Desktop/CSCourses/AI-Chip/labs/lab1/code/core/CtrlUnit.v:4]
INFO: [USF-XSim-69] 'compile' step finished in '1' seconds
INFO: [USF-XSim-99] Step results log file:'C:/Users/David_Y9000P/Desktop/CSCourses/AI-Chip/labs/lab1_new/project_1/project_1.sim/sim_1/behav/xsim/xvlog.log'
ERROR: [USF-XSim-62] 'compile' step failed with error(s). Please check the Tcl console output or 'C:/Users/David_Y9000P/Desktop/CSCourses/AI-Chip/labs/lab1_new/project_1/project_1.sim/sim_1/behav/xsim/xvlog.log' file for more information.
ERROR: [Vivado 12-4473] Detected error while running simulation. Please correct the issue and retry this operation.
ERROR: [Common 17-39] 'launch_simulation' failed due to earlier errors.
launch_simulation
Command: launch_simulation 
INFO: [Vivado 12-12493] Simulation top is 'core_sim'
WARNING: [Vivado 12-13340] Unable to auto find GCC executables from simulator install path! (path not set)
WARNING: [Vivado 12-13277] Compiled library path does not exist: ''
INFO: [Vivado 12-5682] Launching behavioral simulation in 'C:/Users/David_Y9000P/Desktop/CSCourses/AI-Chip/labs/lab1_new/project_1/project_1.sim/sim_1/behav/xsim'
INFO: [SIM-utils-51] Simulation object is 'sim_1'
INFO: [SIM-utils-72] Using boost library from 'C:/Xilinx/Vivado/2022.2/tps/boost_1_72_0'
INFO: [USF-XSim-7] Finding pre-compiled libraries...
INFO: [USF-XSim-11] File 'C:/Xilinx/Vivado/2022.2/data/xsim/xsim.ini' copied to run dir:'C:/Users/David_Y9000P/Desktop/CSCourses/AI-Chip/labs/lab1_new/project_1/project_1.sim/sim_1/behav/xsim'
INFO: [SIM-utils-54] Inspecting design source files for 'core_sim' in fileset 'sim_1'...
INFO: [USF-XSim-97] Finding global include files...
INFO: [USF-XSim-98] Fetching design files from 'sim_1'...
INFO: [USF-XSim-2] XSim::Compile design
INFO: [USF-XSim-61] Executing 'COMPILE and ANALYZE' step in 'C:/Users/David_Y9000P/Desktop/CSCourses/AI-Chip/labs/lab1_new/project_1/project_1.sim/sim_1/behav/xsim'
"xvlog --incr --relax -prj core_sim_vlog.prj"
INFO: [VRFC 10-2263] Analyzing Verilog file "C:/Users/David_Y9000P/Desktop/CSCourses/AI-Chip/labs/lab1/code/core/ALU.v" into library xil_defaultlib
INFO: [VRFC 10-311] analyzing module ALU
INFO: [VRFC 10-2263] Analyzing Verilog file "C:/Users/David_Y9000P/Desktop/CSCourses/AI-Chip/labs/lab1/code/core/CtrlUnit.v" into library xil_defaultlib
INFO: [VRFC 10-311] analyzing module CtrlUnit
INFO: [VRFC 10-2263] Analyzing Verilog file "C:/Users/David_Y9000P/Desktop/CSCourses/AI-Chip/labs/lab1/code/core/EXE_Hazard.v" into library xil_defaultlib
INFO: [VRFC 10-311] analyzing module EXE_Hazard
INFO: [VRFC 10-2263] Analyzing Verilog file "C:/Users/David_Y9000P/Desktop/CSCourses/AI-Chip/labs/lab1/code/core/EXE_stage.v" into library xil_defaultlib
INFO: [VRFC 10-311] analyzing module EXE_stage
INFO: [VRFC 10-2263] Analyzing Verilog file "C:/Users/David_Y9000P/Desktop/CSCourses/AI-Chip/labs/lab1/code/core/HazardDetectionUnit.v" into library xil_defaultlib
INFO: [VRFC 10-311] analyzing module HazardDetectionUnit
INFO: [VRFC 10-2263] Analyzing Verilog file "C:/Users/David_Y9000P/Desktop/CSCourses/AI-Chip/labs/lab1/code/core/ID_stage.v" into library xil_defaultlib
INFO: [VRFC 10-311] analyzing module ID_stage
INFO: [VRFC 10-2263] Analyzing Verilog file "C:/Users/David_Y9000P/Desktop/CSCourses/AI-Chip/labs/lab1/code/core/IF_stage.v" into library xil_defaultlib
INFO: [VRFC 10-311] analyzing module IF_stage
INFO: [VRFC 10-2263] Analyzing Verilog file "C:/Users/David_Y9000P/Desktop/CSCourses/AI-Chip/labs/lab1/code/core/ImmGen.v" into library xil_defaultlib
INFO: [VRFC 10-311] analyzing module ImmGen
INFO: [VRFC 10-2263] Analyzing Verilog file "C:/Users/David_Y9000P/Desktop/CSCourses/AI-Chip/labs/lab1/code/common/MULT4.V" into library xil_defaultlib
INFO: [VRFC 10-311] analyzing module Mult4
INFO: [VRFC 10-2263] Analyzing Verilog file "C:/Users/David_Y9000P/Desktop/CSCourses/AI-Chip/labs/lab1/code/common/MUX2T1_32.v" into library xil_defaultlib
INFO: [VRFC 10-311] analyzing module MUX2T1_32
INFO: [VRFC 10-2263] Analyzing Verilog file "C:/Users/David_Y9000P/Desktop/CSCourses/AI-Chip/labs/lab1/code/common/MUX4T1_32.v" into library xil_defaultlib
INFO: [VRFC 10-311] analyzing module MUX4T1_32
INFO: [VRFC 10-2263] Analyzing Verilog file "C:/Users/David_Y9000P/Desktop/CSCourses/AI-Chip/labs/lab1/code/common/Mac.v" into library xil_defaultlib
INFO: [VRFC 10-311] analyzing module Mac
INFO: [VRFC 10-2263] Analyzing Verilog file "C:/Users/David_Y9000P/Desktop/CSCourses/AI-Chip/labs/lab1/code/core/RAM_B.v" into library xil_defaultlib
INFO: [VRFC 10-311] analyzing module RAM_B
WARNING: [VRFC 10-965] invalid size of integer constant literal [C:/Users/David_Y9000P/Desktop/CSCourses/AI-Chip/labs/lab1/code/core/RAM_B.v:42]
WARNING: [VRFC 10-965] invalid size of integer constant literal [C:/Users/David_Y9000P/Desktop/CSCourses/AI-Chip/labs/lab1/code/core/RAM_B.v:43]
WARNING: [VRFC 10-965] invalid size of integer constant literal [C:/Users/David_Y9000P/Desktop/CSCourses/AI-Chip/labs/lab1/code/core/RAM_B.v:44]
WARNING: [VRFC 10-965] invalid size of integer constant literal [C:/Users/David_Y9000P/Desktop/CSCourses/AI-Chip/labs/lab1/code/core/RAM_B.v:45]
WARNING: [VRFC 10-965] invalid size of integer constant literal [C:/Users/David_Y9000P/Desktop/CSCourses/AI-Chip/labs/lab1/code/core/RAM_B.v:46]
INFO: [VRFC 10-2263] Analyzing Verilog file "C:/Users/David_Y9000P/Desktop/CSCourses/AI-Chip/labs/lab1/code/common/REG32.v" into library xil_defaultlib
INFO: [VRFC 10-311] analyzing module REG32
INFO: [VRFC 10-2263] Analyzing Verilog file "C:/Users/David_Y9000P/Desktop/CSCourses/AI-Chip/labs/lab1/code/core/REG_EX_WB.v" into library xil_defaultlib
INFO: [VRFC 10-311] analyzing module REG_EX_WB
INFO: [VRFC 10-2263] Analyzing Verilog file "C:/Users/David_Y9000P/Desktop/CSCourses/AI-Chip/labs/lab1/code/core/REG_ID_EX.v" into library xil_defaultlib
INFO: [VRFC 10-311] analyzing module REG_ID_EX
INFO: [VRFC 10-2263] Analyzing Verilog file "C:/Users/David_Y9000P/Desktop/CSCourses/AI-Chip/labs/lab1/code/core/REG_IF_ID.v" into library xil_defaultlib
INFO: [VRFC 10-311] analyzing module REG_IF_ID
INFO: [VRFC 10-2263] Analyzing Verilog file "C:/Users/David_Y9000P/Desktop/CSCourses/AI-Chip/labs/lab1/code/core/ROM_D.v" into library xil_defaultlib
INFO: [VRFC 10-311] analyzing module ROM_D
INFO: [VRFC 10-2263] Analyzing Verilog file "C:/Users/David_Y9000P/Desktop/CSCourses/AI-Chip/labs/lab1/code/core/RV32core.v" into library xil_defaultlib
INFO: [VRFC 10-311] analyzing module RV32core
INFO: [VRFC 10-2263] Analyzing Verilog file "C:/Users/David_Y9000P/Desktop/CSCourses/AI-Chip/labs/lab1/code/core/Regs.v" into library xil_defaultlib
INFO: [VRFC 10-311] analyzing module Regs
INFO: [VRFC 10-2263] Analyzing Verilog file "C:/Users/David_Y9000P/Desktop/CSCourses/AI-Chip/labs/lab1/code/core/SAMV.v" into library xil_defaultlib
INFO: [VRFC 10-311] analyzing module SAMV
ERROR: [VRFC 10-2989] 'REG1_S' is not declared [C:/Users/David_Y9000P/Desktop/CSCourses/AI-Chip/labs/lab1/code/core/SAMV.v:129]
ERROR: [VRFC 10-8530] module 'SAMV' is ignored due to previous errors [C:/Users/David_Y9000P/Desktop/CSCourses/AI-Chip/labs/lab1/code/core/SAMV.v:23]
INFO: [USF-XSim-69] 'compile' step finished in '3' seconds
INFO: [USF-XSim-99] Step results log file:'C:/Users/David_Y9000P/Desktop/CSCourses/AI-Chip/labs/lab1_new/project_1/project_1.sim/sim_1/behav/xsim/xvlog.log'
ERROR: [USF-XSim-62] 'compile' step failed with error(s). Please check the Tcl console output or 'C:/Users/David_Y9000P/Desktop/CSCourses/AI-Chip/labs/lab1_new/project_1/project_1.sim/sim_1/behav/xsim/xvlog.log' file for more information.
ERROR: [Vivado 12-4473] Detected error while running simulation. Please correct the issue and retry this operation.
ERROR: [Common 17-39] 'launch_simulation' failed due to earlier errors.
launch_simulation
Command: launch_simulation 
INFO: [Vivado 12-12493] Simulation top is 'core_sim'
WARNING: [Vivado 12-13340] Unable to auto find GCC executables from simulator install path! (path not set)
WARNING: [Vivado 12-13277] Compiled library path does not exist: ''
INFO: [Vivado 12-5682] Launching behavioral simulation in 'C:/Users/David_Y9000P/Desktop/CSCourses/AI-Chip/labs/lab1_new/project_1/project_1.sim/sim_1/behav/xsim'
INFO: [SIM-utils-51] Simulation object is 'sim_1'
INFO: [SIM-utils-72] Using boost library from 'C:/Xilinx/Vivado/2022.2/tps/boost_1_72_0'
INFO: [USF-XSim-7] Finding pre-compiled libraries...
INFO: [USF-XSim-11] File 'C:/Xilinx/Vivado/2022.2/data/xsim/xsim.ini' copied to run dir:'C:/Users/David_Y9000P/Desktop/CSCourses/AI-Chip/labs/lab1_new/project_1/project_1.sim/sim_1/behav/xsim'
INFO: [SIM-utils-54] Inspecting design source files for 'core_sim' in fileset 'sim_1'...
INFO: [USF-XSim-97] Finding global include files...
INFO: [USF-XSim-98] Fetching design files from 'sim_1'...
INFO: [USF-XSim-2] XSim::Compile design
INFO: [USF-XSim-61] Executing 'COMPILE and ANALYZE' step in 'C:/Users/David_Y9000P/Desktop/CSCourses/AI-Chip/labs/lab1_new/project_1/project_1.sim/sim_1/behav/xsim'
"xvlog --incr --relax -prj core_sim_vlog.prj"
INFO: [VRFC 10-2263] Analyzing Verilog file "C:/Users/David_Y9000P/Desktop/CSCourses/AI-Chip/labs/lab1/code/core/ALU.v" into library xil_defaultlib
INFO: [VRFC 10-311] analyzing module ALU
INFO: [VRFC 10-2263] Analyzing Verilog file "C:/Users/David_Y9000P/Desktop/CSCourses/AI-Chip/labs/lab1/code/core/CtrlUnit.v" into library xil_defaultlib
INFO: [VRFC 10-311] analyzing module CtrlUnit
INFO: [VRFC 10-2263] Analyzing Verilog file "C:/Users/David_Y9000P/Desktop/CSCourses/AI-Chip/labs/lab1/code/core/EXE_Hazard.v" into library xil_defaultlib
INFO: [VRFC 10-311] analyzing module EXE_Hazard
INFO: [VRFC 10-2263] Analyzing Verilog file "C:/Users/David_Y9000P/Desktop/CSCourses/AI-Chip/labs/lab1/code/core/EXE_stage.v" into library xil_defaultlib
INFO: [VRFC 10-311] analyzing module EXE_stage
INFO: [VRFC 10-2263] Analyzing Verilog file "C:/Users/David_Y9000P/Desktop/CSCourses/AI-Chip/labs/lab1/code/core/HazardDetectionUnit.v" into library xil_defaultlib
INFO: [VRFC 10-311] analyzing module HazardDetectionUnit
INFO: [VRFC 10-2263] Analyzing Verilog file "C:/Users/David_Y9000P/Desktop/CSCourses/AI-Chip/labs/lab1/code/core/ID_stage.v" into library xil_defaultlib
INFO: [VRFC 10-311] analyzing module ID_stage
INFO: [VRFC 10-2263] Analyzing Verilog file "C:/Users/David_Y9000P/Desktop/CSCourses/AI-Chip/labs/lab1/code/core/IF_stage.v" into library xil_defaultlib
INFO: [VRFC 10-311] analyzing module IF_stage
INFO: [VRFC 10-2263] Analyzing Verilog file "C:/Users/David_Y9000P/Desktop/CSCourses/AI-Chip/labs/lab1/code/core/ImmGen.v" into library xil_defaultlib
INFO: [VRFC 10-311] analyzing module ImmGen
INFO: [VRFC 10-2263] Analyzing Verilog file "C:/Users/David_Y9000P/Desktop/CSCourses/AI-Chip/labs/lab1/code/common/MULT4.V" into library xil_defaultlib
INFO: [VRFC 10-311] analyzing module Mult4
INFO: [VRFC 10-2263] Analyzing Verilog file "C:/Users/David_Y9000P/Desktop/CSCourses/AI-Chip/labs/lab1/code/common/MUX2T1_32.v" into library xil_defaultlib
INFO: [VRFC 10-311] analyzing module MUX2T1_32
INFO: [VRFC 10-2263] Analyzing Verilog file "C:/Users/David_Y9000P/Desktop/CSCourses/AI-Chip/labs/lab1/code/common/MUX4T1_32.v" into library xil_defaultlib
INFO: [VRFC 10-311] analyzing module MUX4T1_32
INFO: [VRFC 10-2263] Analyzing Verilog file "C:/Users/David_Y9000P/Desktop/CSCourses/AI-Chip/labs/lab1/code/common/Mac.v" into library xil_defaultlib
INFO: [VRFC 10-311] analyzing module Mac
INFO: [VRFC 10-2263] Analyzing Verilog file "C:/Users/David_Y9000P/Desktop/CSCourses/AI-Chip/labs/lab1/code/core/RAM_B.v" into library xil_defaultlib
INFO: [VRFC 10-311] analyzing module RAM_B
WARNING: [VRFC 10-965] invalid size of integer constant literal [C:/Users/David_Y9000P/Desktop/CSCourses/AI-Chip/labs/lab1/code/core/RAM_B.v:42]
WARNING: [VRFC 10-965] invalid size of integer constant literal [C:/Users/David_Y9000P/Desktop/CSCourses/AI-Chip/labs/lab1/code/core/RAM_B.v:43]
WARNING: [VRFC 10-965] invalid size of integer constant literal [C:/Users/David_Y9000P/Desktop/CSCourses/AI-Chip/labs/lab1/code/core/RAM_B.v:44]
WARNING: [VRFC 10-965] invalid size of integer constant literal [C:/Users/David_Y9000P/Desktop/CSCourses/AI-Chip/labs/lab1/code/core/RAM_B.v:45]
WARNING: [VRFC 10-965] invalid size of integer constant literal [C:/Users/David_Y9000P/Desktop/CSCourses/AI-Chip/labs/lab1/code/core/RAM_B.v:46]
INFO: [VRFC 10-2263] Analyzing Verilog file "C:/Users/David_Y9000P/Desktop/CSCourses/AI-Chip/labs/lab1/code/common/REG32.v" into library xil_defaultlib
INFO: [VRFC 10-311] analyzing module REG32
INFO: [VRFC 10-2263] Analyzing Verilog file "C:/Users/David_Y9000P/Desktop/CSCourses/AI-Chip/labs/lab1/code/core/REG_EX_WB.v" into library xil_defaultlib
INFO: [VRFC 10-311] analyzing module REG_EX_WB
INFO: [VRFC 10-2263] Analyzing Verilog file "C:/Users/David_Y9000P/Desktop/CSCourses/AI-Chip/labs/lab1/code/core/REG_ID_EX.v" into library xil_defaultlib
INFO: [VRFC 10-311] analyzing module REG_ID_EX
INFO: [VRFC 10-2263] Analyzing Verilog file "C:/Users/David_Y9000P/Desktop/CSCourses/AI-Chip/labs/lab1/code/core/REG_IF_ID.v" into library xil_defaultlib
INFO: [VRFC 10-311] analyzing module REG_IF_ID
INFO: [VRFC 10-2263] Analyzing Verilog file "C:/Users/David_Y9000P/Desktop/CSCourses/AI-Chip/labs/lab1/code/core/ROM_D.v" into library xil_defaultlib
INFO: [VRFC 10-311] analyzing module ROM_D
INFO: [VRFC 10-2263] Analyzing Verilog file "C:/Users/David_Y9000P/Desktop/CSCourses/AI-Chip/labs/lab1/code/core/RV32core.v" into library xil_defaultlib
INFO: [VRFC 10-311] analyzing module RV32core
INFO: [VRFC 10-2263] Analyzing Verilog file "C:/Users/David_Y9000P/Desktop/CSCourses/AI-Chip/labs/lab1/code/core/Regs.v" into library xil_defaultlib
INFO: [VRFC 10-311] analyzing module Regs
INFO: [VRFC 10-2263] Analyzing Verilog file "C:/Users/David_Y9000P/Desktop/CSCourses/AI-Chip/labs/lab1/code/core/SAMV.v" into library xil_defaultlib
INFO: [VRFC 10-311] analyzing module SAMV
INFO: [VRFC 10-2263] Analyzing Verilog file "C:/Users/David_Y9000P/Desktop/CSCourses/AI-Chip/labs/lab1/code/core/WB_stage.v" into library xil_defaultlib
INFO: [VRFC 10-311] analyzing module WB_stage
INFO: [VRFC 10-2263] Analyzing Verilog file "C:/Users/David_Y9000P/Desktop/CSCourses/AI-Chip/labs/lab1/code/common/add_32.v" into library xil_defaultlib
INFO: [VRFC 10-311] analyzing module add_32
INFO: [VRFC 10-2263] Analyzing Verilog file "C:/Users/David_Y9000P/Desktop/CSCourses/AI-Chip/labs/lab1/code/common/cmp_32.v" into library xil_defaultlib
INFO: [VRFC 10-311] analyzing module cmp_32
INFO: [VRFC 10-2263] Analyzing Verilog file "C:/Users/David_Y9000P/Desktop/CSCourses/AI-Chip/labs/lab1/code/sim/core_sim.v" into library xil_defaultlib
INFO: [VRFC 10-311] analyzing module core_sim
INFO: [VRFC 10-2263] Analyzing Verilog file "C:/Users/David_Y9000P/Desktop/CSCourses/AI-Chip/labs/lab1_new/project_1/project_1.sim/sim_1/behav/xsim/glbl.v" into library xil_defaultlib
INFO: [VRFC 10-311] analyzing module glbl
INFO: [USF-XSim-69] 'compile' step finished in '3' seconds
INFO: [USF-XSim-3] XSim::Elaborate design
INFO: [USF-XSim-61] Executing 'ELABORATE' step in 'C:/Users/David_Y9000P/Desktop/CSCourses/AI-Chip/labs/lab1_new/project_1/project_1.sim/sim_1/behav/xsim'
"xelab --incr --debug typical --relax --mt 2 -L xil_defaultlib -L unisims_ver -L unimacro_ver -L secureip -L xpm --snapshot core_sim_behav xil_defaultlib.core_sim xil_defaultlib.glbl -log elaborate.log"
Vivado Simulator v2022.2
Copyright 1986-1999, 2001-2022 Xilinx, Inc. All Rights Reserved.
Running: C:/Xilinx/Vivado/2022.2/bin/unwrapped/win64.o/xelab.exe --incr --debug typical --relax --mt 2 -L xil_defaultlib -L unisims_ver -L unimacro_ver -L secureip -L xpm --snapshot core_sim_behav xil_defaultlib.core_sim xil_defaultlib.glbl -log elaborate.log 
Using 2 slave threads.
Starting static elaboration
Pass Through NonSizing Optimizer
WARNING: [VRFC 10-3091] actual bit length 1 differs from formal bit length 5 for port 'rs2Addr_out' [C:/Users/David_Y9000P/Desktop/CSCourses/AI-Chip/labs/lab1/code/core/EXE_stage.v:88]
WARNING: [VRFC 10-3091] actual bit length 32 differs from formal bit length 1 for port 'EN' [C:/Users/David_Y9000P/Desktop/CSCourses/AI-Chip/labs/lab1/code/core/EXE_stage.v:126]
WARNING: [VRFC 10-3091] actual bit length 32 differs from formal bit length 1 for port 'EN' [C:/Users/David_Y9000P/Desktop/CSCourses/AI-Chip/labs/lab1/code/core/SAMV.v:74]
WARNING: [VRFC 10-3091] actual bit length 32 differs from formal bit length 1 for port 'EN' [C:/Users/David_Y9000P/Desktop/CSCourses/AI-Chip/labs/lab1/code/core/SAMV.v:84]
WARNING: [VRFC 10-3091] actual bit length 32 differs from formal bit length 1 for port 'EN' [C:/Users/David_Y9000P/Desktop/CSCourses/AI-Chip/labs/lab1/code/core/SAMV.v:94]
WARNING: [VRFC 10-3091] actual bit length 32 differs from formal bit length 1 for port 'EN' [C:/Users/David_Y9000P/Desktop/CSCourses/AI-Chip/labs/lab1/code/core/SAMV.v:104]
WARNING: [VRFC 10-3091] actual bit length 32 differs from formal bit length 1 for port 'ena' [C:/Users/David_Y9000P/Desktop/CSCourses/AI-Chip/labs/lab1/code/core/RAM_B.v:32]
WARNING: [VRFC 10-3091] actual bit length 32 differs from formal bit length 1 for port 'rsta' [C:/Users/David_Y9000P/Desktop/CSCourses/AI-Chip/labs/lab1/code/core/RAM_B.v:33]
WARNING: [VRFC 10-3091] actual bit length 32 differs from formal bit length 1 for port 'regcea' [C:/Users/David_Y9000P/Desktop/CSCourses/AI-Chip/labs/lab1/code/core/RAM_B.v:34]
WARNING: [VRFC 10-3091] actual bit length 32 differs from formal bit length 1 for port 'sleep' [C:/Users/David_Y9000P/Desktop/CSCourses/AI-Chip/labs/lab1/code/core/RAM_B.v:35]
ERROR: [VRFC 10-3236] concurrent assignment to a non-net 'REG2_res_2' is not permitted [C:/Users/David_Y9000P/Desktop/CSCourses/AI-Chip/labs/lab1/code/core/SAMV.v:108]
ERROR: [VRFC 10-9171] mixed concurrent and procedural assignments on 'REG2_res_2' [C:/Users/David_Y9000P/Desktop/CSCourses/AI-Chip/labs/lab1/code/core/SAMV.v:123]
ERROR: [XSIM 43-3322] Static elaboration of top level Verilog design unit(s) in library work failed.
INFO: [USF-XSim-69] 'elaborate' step finished in '1' seconds
INFO: [USF-XSim-99] Step results log file:'C:/Users/David_Y9000P/Desktop/CSCourses/AI-Chip/labs/lab1_new/project_1/project_1.sim/sim_1/behav/xsim/elaborate.log'
ERROR: [USF-XSim-62] 'elaborate' step failed with error(s). Please check the Tcl console output or 'C:/Users/David_Y9000P/Desktop/CSCourses/AI-Chip/labs/lab1_new/project_1/project_1.sim/sim_1/behav/xsim/elaborate.log' file for more information.
ERROR: [Vivado 12-4473] Detected error while running simulation. Please correct the issue and retry this operation.
ERROR: [Common 17-39] 'launch_simulation' failed due to earlier errors.
launch_simulation
Command: launch_simulation 
INFO: [Vivado 12-12493] Simulation top is 'core_sim'
WARNING: [Vivado 12-13340] Unable to auto find GCC executables from simulator install path! (path not set)
WARNING: [Vivado 12-13277] Compiled library path does not exist: ''
INFO: [Vivado 12-5682] Launching behavioral simulation in 'C:/Users/David_Y9000P/Desktop/CSCourses/AI-Chip/labs/lab1_new/project_1/project_1.sim/sim_1/behav/xsim'
INFO: [SIM-utils-51] Simulation object is 'sim_1'
INFO: [SIM-utils-72] Using boost library from 'C:/Xilinx/Vivado/2022.2/tps/boost_1_72_0'
INFO: [USF-XSim-7] Finding pre-compiled libraries...
INFO: [USF-XSim-11] File 'C:/Xilinx/Vivado/2022.2/data/xsim/xsim.ini' copied to run dir:'C:/Users/David_Y9000P/Desktop/CSCourses/AI-Chip/labs/lab1_new/project_1/project_1.sim/sim_1/behav/xsim'
INFO: [SIM-utils-54] Inspecting design source files for 'core_sim' in fileset 'sim_1'...
INFO: [USF-XSim-97] Finding global include files...
INFO: [USF-XSim-98] Fetching design files from 'sim_1'...
INFO: [USF-XSim-2] XSim::Compile design
INFO: [USF-XSim-61] Executing 'COMPILE and ANALYZE' step in 'C:/Users/David_Y9000P/Desktop/CSCourses/AI-Chip/labs/lab1_new/project_1/project_1.sim/sim_1/behav/xsim'
"xvlog --incr --relax -prj core_sim_vlog.prj"
INFO: [VRFC 10-2263] Analyzing Verilog file "C:/Users/David_Y9000P/Desktop/CSCourses/AI-Chip/labs/lab1/code/core/ALU.v" into library xil_defaultlib
INFO: [VRFC 10-311] analyzing module ALU
INFO: [VRFC 10-2263] Analyzing Verilog file "C:/Users/David_Y9000P/Desktop/CSCourses/AI-Chip/labs/lab1/code/core/CtrlUnit.v" into library xil_defaultlib
INFO: [VRFC 10-311] analyzing module CtrlUnit
INFO: [VRFC 10-2263] Analyzing Verilog file "C:/Users/David_Y9000P/Desktop/CSCourses/AI-Chip/labs/lab1/code/core/EXE_Hazard.v" into library xil_defaultlib
INFO: [VRFC 10-311] analyzing module EXE_Hazard
INFO: [VRFC 10-2263] Analyzing Verilog file "C:/Users/David_Y9000P/Desktop/CSCourses/AI-Chip/labs/lab1/code/core/EXE_stage.v" into library xil_defaultlib
INFO: [VRFC 10-311] analyzing module EXE_stage
INFO: [VRFC 10-2263] Analyzing Verilog file "C:/Users/David_Y9000P/Desktop/CSCourses/AI-Chip/labs/lab1/code/core/HazardDetectionUnit.v" into library xil_defaultlib
INFO: [VRFC 10-311] analyzing module HazardDetectionUnit
INFO: [VRFC 10-2263] Analyzing Verilog file "C:/Users/David_Y9000P/Desktop/CSCourses/AI-Chip/labs/lab1/code/core/ID_stage.v" into library xil_defaultlib
INFO: [VRFC 10-311] analyzing module ID_stage
INFO: [VRFC 10-2263] Analyzing Verilog file "C:/Users/David_Y9000P/Desktop/CSCourses/AI-Chip/labs/lab1/code/core/IF_stage.v" into library xil_defaultlib
INFO: [VRFC 10-311] analyzing module IF_stage
INFO: [VRFC 10-2263] Analyzing Verilog file "C:/Users/David_Y9000P/Desktop/CSCourses/AI-Chip/labs/lab1/code/core/ImmGen.v" into library xil_defaultlib
INFO: [VRFC 10-311] analyzing module ImmGen
INFO: [VRFC 10-2263] Analyzing Verilog file "C:/Users/David_Y9000P/Desktop/CSCourses/AI-Chip/labs/lab1/code/common/MULT4.V" into library xil_defaultlib
INFO: [VRFC 10-311] analyzing module Mult4
INFO: [VRFC 10-2263] Analyzing Verilog file "C:/Users/David_Y9000P/Desktop/CSCourses/AI-Chip/labs/lab1/code/common/MUX2T1_32.v" into library xil_defaultlib
INFO: [VRFC 10-311] analyzing module MUX2T1_32
INFO: [VRFC 10-2263] Analyzing Verilog file "C:/Users/David_Y9000P/Desktop/CSCourses/AI-Chip/labs/lab1/code/common/MUX4T1_32.v" into library xil_defaultlib
INFO: [VRFC 10-311] analyzing module MUX4T1_32
INFO: [VRFC 10-2263] Analyzing Verilog file "C:/Users/David_Y9000P/Desktop/CSCourses/AI-Chip/labs/lab1/code/common/Mac.v" into library xil_defaultlib
INFO: [VRFC 10-311] analyzing module Mac
INFO: [VRFC 10-2263] Analyzing Verilog file "C:/Users/David_Y9000P/Desktop/CSCourses/AI-Chip/labs/lab1/code/core/RAM_B.v" into library xil_defaultlib
INFO: [VRFC 10-311] analyzing module RAM_B
WARNING: [VRFC 10-965] invalid size of integer constant literal [C:/Users/David_Y9000P/Desktop/CSCourses/AI-Chip/labs/lab1/code/core/RAM_B.v:42]
WARNING: [VRFC 10-965] invalid size of integer constant literal [C:/Users/David_Y9000P/Desktop/CSCourses/AI-Chip/labs/lab1/code/core/RAM_B.v:43]
WARNING: [VRFC 10-965] invalid size of integer constant literal [C:/Users/David_Y9000P/Desktop/CSCourses/AI-Chip/labs/lab1/code/core/RAM_B.v:44]
WARNING: [VRFC 10-965] invalid size of integer constant literal [C:/Users/David_Y9000P/Desktop/CSCourses/AI-Chip/labs/lab1/code/core/RAM_B.v:45]
WARNING: [VRFC 10-965] invalid size of integer constant literal [C:/Users/David_Y9000P/Desktop/CSCourses/AI-Chip/labs/lab1/code/core/RAM_B.v:46]
INFO: [VRFC 10-2263] Analyzing Verilog file "C:/Users/David_Y9000P/Desktop/CSCourses/AI-Chip/labs/lab1/code/common/REG32.v" into library xil_defaultlib
INFO: [VRFC 10-311] analyzing module REG32
INFO: [VRFC 10-2263] Analyzing Verilog file "C:/Users/David_Y9000P/Desktop/CSCourses/AI-Chip/labs/lab1/code/core/REG_EX_WB.v" into library xil_defaultlib
INFO: [VRFC 10-311] analyzing module REG_EX_WB
INFO: [VRFC 10-2263] Analyzing Verilog file "C:/Users/David_Y9000P/Desktop/CSCourses/AI-Chip/labs/lab1/code/core/REG_ID_EX.v" into library xil_defaultlib
INFO: [VRFC 10-311] analyzing module REG_ID_EX
INFO: [VRFC 10-2263] Analyzing Verilog file "C:/Users/David_Y9000P/Desktop/CSCourses/AI-Chip/labs/lab1/code/core/REG_IF_ID.v" into library xil_defaultlib
INFO: [VRFC 10-311] analyzing module REG_IF_ID
INFO: [VRFC 10-2263] Analyzing Verilog file "C:/Users/David_Y9000P/Desktop/CSCourses/AI-Chip/labs/lab1/code/core/ROM_D.v" into library xil_defaultlib
INFO: [VRFC 10-311] analyzing module ROM_D
INFO: [VRFC 10-2263] Analyzing Verilog file "C:/Users/David_Y9000P/Desktop/CSCourses/AI-Chip/labs/lab1/code/core/RV32core.v" into library xil_defaultlib
INFO: [VRFC 10-311] analyzing module RV32core
INFO: [VRFC 10-2263] Analyzing Verilog file "C:/Users/David_Y9000P/Desktop/CSCourses/AI-Chip/labs/lab1/code/core/Regs.v" into library xil_defaultlib
INFO: [VRFC 10-311] analyzing module Regs
INFO: [VRFC 10-2263] Analyzing Verilog file "C:/Users/David_Y9000P/Desktop/CSCourses/AI-Chip/labs/lab1/code/core/SAMV.v" into library xil_defaultlib
INFO: [VRFC 10-311] analyzing module SAMV
INFO: [VRFC 10-2263] Analyzing Verilog file "C:/Users/David_Y9000P/Desktop/CSCourses/AI-Chip/labs/lab1/code/core/WB_stage.v" into library xil_defaultlib
INFO: [VRFC 10-311] analyzing module WB_stage
INFO: [VRFC 10-2263] Analyzing Verilog file "C:/Users/David_Y9000P/Desktop/CSCourses/AI-Chip/labs/lab1/code/common/add_32.v" into library xil_defaultlib
INFO: [VRFC 10-311] analyzing module add_32
INFO: [VRFC 10-2263] Analyzing Verilog file "C:/Users/David_Y9000P/Desktop/CSCourses/AI-Chip/labs/lab1/code/common/cmp_32.v" into library xil_defaultlib
INFO: [VRFC 10-311] analyzing module cmp_32
INFO: [VRFC 10-2263] Analyzing Verilog file "C:/Users/David_Y9000P/Desktop/CSCourses/AI-Chip/labs/lab1/code/sim/core_sim.v" into library xil_defaultlib
INFO: [VRFC 10-311] analyzing module core_sim
INFO: [USF-XSim-69] 'compile' step finished in '4' seconds
INFO: [USF-XSim-3] XSim::Elaborate design
INFO: [USF-XSim-61] Executing 'ELABORATE' step in 'C:/Users/David_Y9000P/Desktop/CSCourses/AI-Chip/labs/lab1_new/project_1/project_1.sim/sim_1/behav/xsim'
"xelab --incr --debug typical --relax --mt 2 -L xil_defaultlib -L unisims_ver -L unimacro_ver -L secureip -L xpm --snapshot core_sim_behav xil_defaultlib.core_sim xil_defaultlib.glbl -log elaborate.log"
Vivado Simulator v2022.2
Copyright 1986-1999, 2001-2022 Xilinx, Inc. All Rights Reserved.
Running: C:/Xilinx/Vivado/2022.2/bin/unwrapped/win64.o/xelab.exe --incr --debug typical --relax --mt 2 -L xil_defaultlib -L unisims_ver -L unimacro_ver -L secureip -L xpm --snapshot core_sim_behav xil_defaultlib.core_sim xil_defaultlib.glbl -log elaborate.log 
Using 2 slave threads.
Starting static elaboration
Pass Through NonSizing Optimizer
WARNING: [VRFC 10-3091] actual bit length 1 differs from formal bit length 5 for port 'rs2Addr_out' [C:/Users/David_Y9000P/Desktop/CSCourses/AI-Chip/labs/lab1/code/core/EXE_stage.v:88]
WARNING: [VRFC 10-3091] actual bit length 32 differs from formal bit length 1 for port 'EN' [C:/Users/David_Y9000P/Desktop/CSCourses/AI-Chip/labs/lab1/code/core/EXE_stage.v:126]
WARNING: [VRFC 10-3091] actual bit length 32 differs from formal bit length 1 for port 'EN' [C:/Users/David_Y9000P/Desktop/CSCourses/AI-Chip/labs/lab1/code/core/SAMV.v:74]
WARNING: [VRFC 10-3091] actual bit length 32 differs from formal bit length 1 for port 'EN' [C:/Users/David_Y9000P/Desktop/CSCourses/AI-Chip/labs/lab1/code/core/SAMV.v:84]
WARNING: [VRFC 10-3091] actual bit length 32 differs from formal bit length 1 for port 'EN' [C:/Users/David_Y9000P/Desktop/CSCourses/AI-Chip/labs/lab1/code/core/SAMV.v:94]
WARNING: [VRFC 10-3091] actual bit length 32 differs from formal bit length 1 for port 'EN' [C:/Users/David_Y9000P/Desktop/CSCourses/AI-Chip/labs/lab1/code/core/SAMV.v:104]
WARNING: [VRFC 10-3091] actual bit length 32 differs from formal bit length 1 for port 'ena' [C:/Users/David_Y9000P/Desktop/CSCourses/AI-Chip/labs/lab1/code/core/RAM_B.v:32]
WARNING: [VRFC 10-3091] actual bit length 32 differs from formal bit length 1 for port 'rsta' [C:/Users/David_Y9000P/Desktop/CSCourses/AI-Chip/labs/lab1/code/core/RAM_B.v:33]
WARNING: [VRFC 10-3091] actual bit length 32 differs from formal bit length 1 for port 'regcea' [C:/Users/David_Y9000P/Desktop/CSCourses/AI-Chip/labs/lab1/code/core/RAM_B.v:34]
WARNING: [VRFC 10-3091] actual bit length 32 differs from formal bit length 1 for port 'sleep' [C:/Users/David_Y9000P/Desktop/CSCourses/AI-Chip/labs/lab1/code/core/RAM_B.v:35]
WARNING: [VRFC 10-5021] port 'injectsbiterra' is not connected on this instance [C:/Users/David_Y9000P/Desktop/CSCourses/AI-Chip/labs/lab1/code/core/RAM_B.v:16]
Completed static elaboration
Starting simulation data flow analysis
Completed simulation data flow analysis
Time Resolution for simulation is 1ps
Compiling module xil_defaultlib.REG32
Compiling module xil_defaultlib.add_32
Compiling module xil_defaultlib.MUX2T1_32
Compiling module xil_defaultlib.ROM_D
Compiling module xil_defaultlib.IF_stage
Compiling module xil_defaultlib.REG_IF_ID
Compiling module xil_defaultlib.CtrlUnit
Compiling module xil_defaultlib.Regs
Compiling module xil_defaultlib.ImmGen
Compiling module xil_defaultlib.MUX4T1_32
Compiling module xil_defaultlib.cmp_32
Compiling module xil_defaultlib.HazardDetectionUnit
Compiling module xil_defaultlib.ID_stage
Compiling module xil_defaultlib.REG_ID_EX
Compiling module xil_defaultlib.ALU
Compiling module xil_defaultlib.Mult4
Compiling module xil_defaultlib.Mac
Compiling module xil_defaultlib.SAMV
Compiling module xpm.xpm_memory_base(MEMORY_TYPE=0,ME...
Compiling module xpm.xpm_memory_spram(MEMORY_SIZE=819...
Compiling module xil_defaultlib.RAM_B
Compiling module xil_defaultlib.EXE_stage
Compiling module xil_defaultlib.EXE_Hazard
Compiling module xil_defaultlib.REG_EX_WB
Compiling module xil_defaultlib.WB_stage
Compiling module xil_defaultlib.RV32core
Compiling module xil_defaultlib.core_sim
Compiling module xil_defaultlib.glbl
Built simulation snapshot core_sim_behav
run_program: Time (s): cpu = 00:00:00 ; elapsed = 00:00:06 . Memory (MB): peak = 1219.660 ; gain = 0.000
INFO: [USF-XSim-69] 'elaborate' step finished in '5' seconds
INFO: [USF-XSim-4] XSim::Simulate design
INFO: [USF-XSim-61] Executing 'SIMULATE' step in 'C:/Users/David_Y9000P/Desktop/CSCourses/AI-Chip/labs/lab1_new/project_1/project_1.sim/sim_1/behav/xsim'
INFO: [USF-XSim-98] *** Running xsim
   with args "core_sim_behav -key {Behavioral:sim_1:Functional:core_sim} -tclbatch {core_sim.tcl} -log {simulate.log}"
INFO: [USF-XSim-8] Loading simulator feature
Time resolution is 1 ps
source core_sim.tcl
# set curr_wave [current_wave_config]
# if { [string length $curr_wave] == 0 } {
#   if { [llength [get_objects]] > 0} {
#     add_wave /
#     set_property needs_save false [current_wave_config]
#   } else {
#      send_msg_id Add_Wave-1 WARNING "No top level signals found. Simulator will start without a wave window. If you want to open a wave window go to 'File->New Waveform Configuration' or type 'create_wave_config' in the TCL console."
#   }
# }
# run 1000ns
Time:   1ns, pass.
Time:   3ns, pass.
Time:   5ns, pass.
Time:   7ns, pass.
Time:   9ns, pass.
Time:  11ns, pass.
Time:  13ns, pass.
Time:  15ns, pass.
Time:  17ns, pass.
Time:  19ns, pass.
Time:  21ns, pass.
Time:  23ns, pass.
Time:  25ns, pass.
Time:  27ns, pass.
Time:  29ns, pass.
Time:  31ns, pass.
Time:  33ns, pass.
Time:  35ns, pass.
Time:  37ns, pass.
Time:  39ns, pass.
Time:  41ns, pass.
Time:  43ns, pass.
Time:  45ns, pass.
Time:  47ns, pass.
Time:  49ns, pass.
Time:  51ns, pass.
Time:  53ns, pass.
Time:  55ns, pass.
Time:  57ns, pass.
Time:  59ns, pass.
Time:  61ns, pass.
Time:  63ns, pass.
Time:  65ns, pass.
Time:  67ns, pass.
Time:  69ns, pass.
Time:  71ns, pass.
Time:  73ns, pass.
Time:  75ns, pass.
Time:  77ns, pass.
Time:  79ns, pass.
Time:  81ns, pass.
Time:  83ns, pass.
Time:  85ns, pass.
Time:  87ns, pass.
Time:  89ns, pass.
Time:  91ns, pass.
Time:  93ns, pass.
Time:  95ns, pass.
Time:  97ns, pass.
Time:  99ns, pass.
Time: 101ns, pass.
Time: 103ns, pass.
Time: 105ns, pass.
Time: 107ns, pass.
Time: 109ns, pass.
Time: 111ns, pass.
Time: 113ns, pass.
Time: 115ns, pass.
Time: 117ns, pass.
Time: 119ns, pass.
Time: 121ns, pass.
Time: 123ns, pass.
Time: 125ns, pass.
All samples passed! Congrats!
$stop called at time : 127 ns : File "C:/Users/David_Y9000P/Desktop/CSCourses/AI-Chip/labs/lab1/code/sim/core_sim.v" Line 2711
INFO: [USF-XSim-96] XSim completed. Design snapshot 'core_sim_behav' loaded.
INFO: [USF-XSim-97] XSim simulation ran for 1000ns
launch_simulation: Time (s): cpu = 00:00:03 ; elapsed = 00:00:11 . Memory (MB): peak = 1264.992 ; gain = 45.332
close_sim
INFO: [Simtcl 6-16] Simulation closed
exit
INFO: [Common 17-206] Exiting Vivado at Sat Mar 14 11:59:14 2026...
