Time resolution is 1 ps
Time:   1ns, pass.
Time:   3ns, pass.
Time:   5ns, pass.
Time:   7ns, pass.
Time:   9ns, pass.
Time:  11ns, pass.
Time:  13ns, pass.
Time:  15ns, pass.
Time:  17ns, pass.
Time:  19ns, pass.
Time:  21ns, pass.
Time:  23ns, pass.
Time:  25ns, pass.
Time:  27ns, pass.
Time:  29ns, pass.
Time:  31ns, pass.
Time:  33ns, pass.
Time:  35ns, pass.
Time:  37ns, pass.
Time:  39ns, pass.
Time:  41ns, pass.
Time:  43ns, pass.
Time:  45ns, pass.
Time:  47ns, pass.
Time:  49ns, pass.
Time:  51ns, pass.
Time:  53ns, pass.
Time:  55ns, pass.
Time:  57ns, pass.
Time:  59ns, pass.
Time:  61ns, pass.
Time:  63ns, pass.
Time:  65ns, pass.
Time:  67ns, pass.
Time:  69ns, pass.
Time:  71ns, pass.
Time:  73ns, pass.
Time:  75ns, pass.
Time:  77ns, pass.
Time:  79ns, pass.
Time:  81ns, pass.
Time:  83ns, pass.
Time:  85ns, pass.
Time:  87ns, pass.
Time:  89ns, pass.
Time:  91ns, pass.
Time:  93ns, pass.
Time:  95ns, pass.
Time:  97ns, pass.
Time:  99ns, pass.
Time: 101ns, pass.
Time: 103ns, pass.
Time: 105ns, pass.
Time: 107ns, pass.
Time: 109ns, pass.
Time: 111ns, pass.
Time: 113ns, pass.
Time: 115ns, pass.
Time: 117ns, pass.
Time: 119ns, pass.
Time: 121ns, pass.
Time: 123ns, pass.
Time: 125ns, pass.
All samples passed! Congrats!
$stop called at time : 127 ns : File "C:/Users/David_Y9000P/Desktop/CSCourses/AI-Chip/labs/lab1/code/sim/core_sim.v" Line 2711
